<?xml version="1.0" encoding="UTF-8"?>
<!-- Generated by org.testng.reporters.JUnitReportReporter -->
<testsuite hostname="Omkar-Cha-PC" failures="0" tests="5" name="TestngScripts.TestngScript1" time="0.023" errors="0" timestamp="2023-04-01T20:42:56 IST" skipped="1">
  <testcase classname="TestngScripts.TestngScript1" name="createCust" time="0.002"/>
  <system-out>
    <![CDATA[customer created succesfully]]>
  </system-out>
  <testcase classname="TestngScripts.TestngScript1" name="createCust" time="0.002"/>
  <system-out>
    <![CDATA[customer created succesfully]]>
  </system-out>
  <testcase classname="TestngScripts.TestngScript1" name="createCust" time="0.016"/>
  <system-out>
    <![CDATA[customer created succesfully]]>
  </system-out>
  <testcase classname="TestngScripts.TestngScript1" name="modityCust" time="0.003"/>
  <system-out>
    <![CDATA[customer modified]]>
  </system-out>
  <testcase classname="TestngScripts.TestngScript1" name="deleteCust">
    <skipped/>
  </testcase> <!-- deleteCust -->
  <system-out/>
</testsuite> <!-- TestngScripts.TestngScript1 -->
