<?xml version="1.0" encoding="UTF-8"?>
<!-- Generated by org.testng.reporters.JUnitReportReporter -->
<testsuite hostname="Omkar-Cha-PC" failures="0" tests="1" name="TestngScripts.pomUtilization" time="24.016" errors="0" timestamp="2023-03-21T20:11:07 IST" skipped="0">
  <testcase classname="TestngScripts.pomUtilization" name="login" time="24.016"/>
  <system-out/>
</testsuite> <!-- TestngScripts.pomUtilization -->
